0 silly argv {
0 silly argv   _: [ 'import' ],
0 silly argv   lernaVersion: '4.0.0',
0 silly argv   '$0': 'lerna',
0 silly argv   dir: '../examples'
0 silly argv }
1 notice cli v4.0.0
2 verbose rootPath /Users/cameron/Rally/rly-ts
3 error Error: Cannot find module '/Users/cameron/Rally/examples/package.json'
3 error Require stack:
3 error - /Users/cameron/Rally/rly-ts/node_modules/@lerna/import/index.js
3 error - /Users/cameron/Rally/rly-ts/node_modules/@lerna/import/command.js
3 error - /Users/cameron/Rally/rly-ts/node_modules/lerna/index.js
3 error - /Users/cameron/Rally/rly-ts/node_modules/lerna/cli.js
3 error - /Users/cameron/.nvm/versions/node/v16.4.1/lib/node_modules/lerna/node_modules/import-local/index.js
3 error - /Users/cameron/.nvm/versions/node/v16.4.1/lib/node_modules/lerna/cli.js
3 error     at Function.Module._resolveFilename (node:internal/modules/cjs/loader:927:15)
3 error     at Function.Module._load (node:internal/modules/cjs/loader:772:27)
3 error     at Module.require (node:internal/modules/cjs/loader:999:19)
3 error     at require (node:internal/modules/cjs/helpers:93:18)
3 error     at ImportCommand.initialize (/Users/cameron/Rally/rly-ts/node_modules/@lerna/import/index.js:57:25)
